The system is: Linux - 3.16.0-45-generic - x86_64
Compiling the C compiler identification source file "CMakeCCompilerId.c" succeeded.
Compiler: /usr/bin/cc 
Build flags: 
Id flags: 

The output was:
0


Compilation of the C compiler identification source "CMakeCCompilerId.c" produced "a.out"

The C compiler identification is GNU, found in "/ssd/ig_repertoire_constructor/ext/src/CMakeFiles/2.8.12.2/CompilerIdC/a.out"

Compiling the CXX compiler identification source file "CMakeCXXCompilerId.cpp" succeeded.
Compiler: /usr/bin/c++ 
Build flags: 
Id flags: 

The output was:
0


Compilation of the CXX compiler identification source "CMakeCXXCompilerId.cpp" produced "a.out"

The CXX compiler identification is GNU, found in "/ssd/ig_repertoire_constructor/ext/src/CMakeFiles/2.8.12.2/CompilerIdCXX/a.out"

Determining if the C compiler works passed with the following output:
Change Dir: /ssd/ig_repertoire_constructor/ext/src/CMakeFiles/CMakeTmp

Run Build Command:/usr/bin/make "cmTryCompileExec3404981525/fast"
/usr/bin/make -f CMakeFiles/cmTryCompileExec3404981525.dir/build.make CMakeFiles/cmTryCompileExec3404981525.dir/build
make[1]: Entering directory `/ssd/ig_repertoire_constructor/ext/src/CMakeFiles/CMakeTmp'
/usr/bin/cmake -E cmake_progress_report /ssd/ig_repertoire_constructor/ext/src/CMakeFiles/CMakeTmp/CMakeFiles 1
Building C object CMakeFiles/cmTryCompileExec3404981525.dir/testCCompiler.c.o
/usr/bin/cc    -o CMakeFiles/cmTryCompileExec3404981525.dir/testCCompiler.c.o   -c /ssd/ig_repertoire_constructor/ext/src/CMakeFiles/CMakeTmp/testCCompiler.c
Linking C executable cmTryCompileExec3404981525
/usr/bin/cmake -E cmake_link_script CMakeFiles/cmTryCompileExec3404981525.dir/link.txt --verbose=1
/usr/bin/cc       CMakeFiles/cmTryCompileExec3404981525.dir/testCCompiler.c.o  -o cmTryCompileExec3404981525 -rdynamic 
make[1]: Leaving directory `/ssd/ig_repertoire_constructor/ext/src/CMakeFiles/CMakeTmp'


Detecting C compiler ABI info compiled with the following output:
Change Dir: /ssd/ig_repertoire_constructor/ext/src/CMakeFiles/CMakeTmp

Run Build Command:/usr/bin/make "cmTryCompileExec249128941/fast"
/usr/bin/make -f CMakeFiles/cmTryCompileExec249128941.dir/build.make CMakeFiles/cmTryCompileExec249128941.dir/build
make[1]: Entering directory `/ssd/ig_repertoire_constructor/ext/src/CMakeFiles/CMakeTmp'
/usr/bin/cmake -E cmake_progress_report /ssd/ig_repertoire_constructor/ext/src/CMakeFiles/CMakeTmp/CMakeFiles 1
Building C object CMakeFiles/cmTryCompileExec249128941.dir/CMakeCCompilerABI.c.o
/usr/bin/cc    -o CMakeFiles/cmTryCompileExec249128941.dir/CMakeCCompilerABI.c.o   -c /usr/share/cmake-2.8/Modules/CMakeCCompilerABI.c
Linking C executable cmTryCompileExec249128941
/usr/bin/cmake -E cmake_link_script CMakeFiles/cmTryCompileExec249128941.dir/link.txt --verbose=1
/usr/bin/cc     -v CMakeFiles/cmTryCompileExec249128941.dir/CMakeCCompilerABI.c.o  -o cmTryCompileExec249128941 -rdynamic  
Using built-in specs.
COLLECT_GCC=/usr/bin/cc
COLLECT_LTO_WRAPPER=/usr/lib/gcc/x86_64-linux-gnu/4.9/lto-wrapper
Target: x86_64-linux-gnu
Configured with: ../src/configure -v --with-pkgversion='Ubuntu 4.9.2-0ubuntu1~14.04' --with-bugurl=file:///usr/share/doc/gcc-4.9/README.Bugs --enable-languages=c,c++,java,go,d,fortran,objc,obj-c++ --prefix=/usr --program-suffix=-4.9 --enable-shared --enable-linker-build-id --libexecdir=/usr/lib --without-included-gettext --enable-threads=posix --with-gxx-include-dir=/usr/include/c++/4.9 --libdir=/usr/lib --enable-nls --with-sysroot=/ --enable-clocale=gnu --enable-libstdcxx-debug --enable-libstdcxx-time=yes --enable-gnu-unique-object --disable-vtable-verify --enable-plugin --with-system-zlib --disable-browser-plugin --enable-java-awt=gtk --enable-gtk-cairo --with-java-home=/usr/lib/jvm/java-1.5.0-gcj-4.9-amd64/jre --enable-java-home --with-jvm-root-dir=/usr/lib/jvm/java-1.5.0-gcj-4.9-amd64 --with-jvm-jar-dir=/usr/lib/jvm-exports/java-1.5.0-gcj-4.9-amd64 --with-arch-directory=amd64 --with-ecj-jar=/usr/share/java/eclipse-ecj.jar --enable-objc-gc --enable-multiarch --disable-werror --with-arch-32=i686 --with-abi=m64 --with-multilib-list=m32,m64,mx32 --enable-multilib --with-tune=generic --enable-checking=release --build=x86_64-linux-gnu --host=x86_64-linux-gnu --target=x86_64-linux-gnu
Thread model: posix
gcc version 4.9.2 (Ubuntu 4.9.2-0ubuntu1~14.04) 
COMPILER_PATH=/usr/lib/gcc/x86_64-linux-gnu/4.9/:/usr/lib/gcc/x86_64-linux-gnu/4.9/:/usr/lib/gcc/x86_64-linux-gnu/:/usr/lib/gcc/x86_64-linux-gnu/4.9/:/usr/lib/gcc/x86_64-linux-gnu/
LIBRARY_PATH=/usr/lib/gcc/x86_64-linux-gnu/4.9/:/usr/lib/gcc/x86_64-linux-gnu/4.9/../../../x86_64-linux-gnu/:/usr/lib/gcc/x86_64-linux-gnu/4.9/../../../../lib/:/lib/x86_64-linux-gnu/:/lib/../lib/:/usr/lib/x86_64-linux-gnu/:/usr/lib/../lib/:/usr/lib/gcc/x86_64-linux-gnu/4.9/../../../:/lib/:/usr/lib/
COLLECT_GCC_OPTIONS='-v' '-o' 'cmTryCompileExec249128941' '-rdynamic' '-mtune=generic' '-march=x86-64'
 /usr/lib/gcc/x86_64-linux-gnu/4.9/collect2 -plugin /usr/lib/gcc/x86_64-linux-gnu/4.9/liblto_plugin.so -plugin-opt=/usr/lib/gcc/x86_64-linux-gnu/4.9/lto-wrapper -plugin-opt=-fresolution=/tmp/ccSGCEwK.res -plugin-opt=-pass-through=-lgcc -plugin-opt=-pass-through=-lgcc_s -plugin-opt=-pass-through=-lc -plugin-opt=-pass-through=-lgcc -plugin-opt=-pass-through=-lgcc_s --sysroot=/ --build-id --eh-frame-hdr -m elf_x86_64 --hash-style=gnu --as-needed -export-dynamic -dynamic-linker /lib64/ld-linux-x86-64.so.2 -z relro -o cmTryCompileExec249128941 /usr/lib/gcc/x86_64-linux-gnu/4.9/../../../x86_64-linux-gnu/crt1.o /usr/lib/gcc/x86_64-linux-gnu/4.9/../../../x86_64-linux-gnu/crti.o /usr/lib/gcc/x86_64-linux-gnu/4.9/crtbegin.o -L/usr/lib/gcc/x86_64-linux-gnu/4.9 -L/usr/lib/gcc/x86_64-linux-gnu/4.9/../../../x86_64-linux-gnu -L/usr/lib/gcc/x86_64-linux-gnu/4.9/../../../../lib -L/lib/x86_64-linux-gnu -L/lib/../lib -L/usr/lib/x86_64-linux-gnu -L/usr/lib/../lib -L/usr/lib/gcc/x86_64-linux-gnu/4.9/../../.. CMakeFiles/cmTryCompileExec249128941.dir/CMakeCCompilerABI.c.o -lgcc --as-needed -lgcc_s --no-as-needed -lc -lgcc --as-needed -lgcc_s --no-as-needed /usr/lib/gcc/x86_64-linux-gnu/4.9/crtend.o /usr/lib/gcc/x86_64-linux-gnu/4.9/../../../x86_64-linux-gnu/crtn.o
make[1]: Leaving directory `/ssd/ig_repertoire_constructor/ext/src/CMakeFiles/CMakeTmp'


Parsed C implicit link information from above output:
  link line regex: [^( *|.*[/\])(ld|([^/\]+-)?ld|collect2)[^/\]*( |$)]
  ignore line: [Change Dir: /ssd/ig_repertoire_constructor/ext/src/CMakeFiles/CMakeTmp]
  ignore line: []
  ignore line: [Run Build Command:/usr/bin/make "cmTryCompileExec249128941/fast"]
  ignore line: [/usr/bin/make -f CMakeFiles/cmTryCompileExec249128941.dir/build.make CMakeFiles/cmTryCompileExec249128941.dir/build]
  ignore line: [make[1]: Entering directory `/ssd/ig_repertoire_constructor/ext/src/CMakeFiles/CMakeTmp']
  ignore line: [/usr/bin/cmake -E cmake_progress_report /ssd/ig_repertoire_constructor/ext/src/CMakeFiles/CMakeTmp/CMakeFiles 1]
  ignore line: [Building C object CMakeFiles/cmTryCompileExec249128941.dir/CMakeCCompilerABI.c.o]
  ignore line: [/usr/bin/cc    -o CMakeFiles/cmTryCompileExec249128941.dir/CMakeCCompilerABI.c.o   -c /usr/share/cmake-2.8/Modules/CMakeCCompilerABI.c]
  ignore line: [Linking C executable cmTryCompileExec249128941]
  ignore line: [/usr/bin/cmake -E cmake_link_script CMakeFiles/cmTryCompileExec249128941.dir/link.txt --verbose=1]
  ignore line: [/usr/bin/cc     -v CMakeFiles/cmTryCompileExec249128941.dir/CMakeCCompilerABI.c.o  -o cmTryCompileExec249128941 -rdynamic  ]
  ignore line: [Using built-in specs.]
  ignore line: [COLLECT_GCC=/usr/bin/cc]
  ignore line: [COLLECT_LTO_WRAPPER=/usr/lib/gcc/x86_64-linux-gnu/4.9/lto-wrapper]
  ignore line: [Target: x86_64-linux-gnu]
  ignore line: [Configured with: ../src/configure -v --with-pkgversion='Ubuntu 4.9.2-0ubuntu1~14.04' --with-bugurl=file:///usr/share/doc/gcc-4.9/README.Bugs --enable-languages=c,c++,java,go,d,fortran,objc,obj-c++ --prefix=/usr --program-suffix=-4.9 --enable-shared --enable-linker-build-id --libexecdir=/usr/lib --without-included-gettext --enable-threads=posix --with-gxx-include-dir=/usr/include/c++/4.9 --libdir=/usr/lib --enable-nls --with-sysroot=/ --enable-clocale=gnu --enable-libstdcxx-debug --enable-libstdcxx-time=yes --enable-gnu-unique-object --disable-vtable-verify --enable-plugin --with-system-zlib --disable-browser-plugin --enable-java-awt=gtk --enable-gtk-cairo --with-java-home=/usr/lib/jvm/java-1.5.0-gcj-4.9-amd64/jre --enable-java-home --with-jvm-root-dir=/usr/lib/jvm/java-1.5.0-gcj-4.9-amd64 --with-jvm-jar-dir=/usr/lib/jvm-exports/java-1.5.0-gcj-4.9-amd64 --with-arch-directory=amd64 --with-ecj-jar=/usr/share/java/eclipse-ecj.jar --enable-objc-gc --enable-multiarch --disable-werror --with-arch-32=i686 --with-abi=m64 --with-multilib-list=m32,m64,mx32 --enable-multilib --with-tune=generic --enable-checking=release --build=x86_64-linux-gnu --host=x86_64-linux-gnu --target=x86_64-linux-gnu]
  ignore line: [Thread model: posix]
  ignore line: [gcc version 4.9.2 (Ubuntu 4.9.2-0ubuntu1~14.04) ]
  ignore line: [COMPILER_PATH=/usr/lib/gcc/x86_64-linux-gnu/4.9/:/usr/lib/gcc/x86_64-linux-gnu/4.9/:/usr/lib/gcc/x86_64-linux-gnu/:/usr/lib/gcc/x86_64-linux-gnu/4.9/:/usr/lib/gcc/x86_64-linux-gnu/]
  ignore line: [LIBRARY_PATH=/usr/lib/gcc/x86_64-linux-gnu/4.9/:/usr/lib/gcc/x86_64-linux-gnu/4.9/../../../x86_64-linux-gnu/:/usr/lib/gcc/x86_64-linux-gnu/4.9/../../../../lib/:/lib/x86_64-linux-gnu/:/lib/../lib/:/usr/lib/x86_64-linux-gnu/:/usr/lib/../lib/:/usr/lib/gcc/x86_64-linux-gnu/4.9/../../../:/lib/:/usr/lib/]
  ignore line: [COLLECT_GCC_OPTIONS='-v' '-o' 'cmTryCompileExec249128941' '-rdynamic' '-mtune=generic' '-march=x86-64']
  link line: [ /usr/lib/gcc/x86_64-linux-gnu/4.9/collect2 -plugin /usr/lib/gcc/x86_64-linux-gnu/4.9/liblto_plugin.so -plugin-opt=/usr/lib/gcc/x86_64-linux-gnu/4.9/lto-wrapper -plugin-opt=-fresolution=/tmp/ccSGCEwK.res -plugin-opt=-pass-through=-lgcc -plugin-opt=-pass-through=-lgcc_s -plugin-opt=-pass-through=-lc -plugin-opt=-pass-through=-lgcc -plugin-opt=-pass-through=-lgcc_s --sysroot=/ --build-id --eh-frame-hdr -m elf_x86_64 --hash-style=gnu --as-needed -export-dynamic -dynamic-linker /lib64/ld-linux-x86-64.so.2 -z relro -o cmTryCompileExec249128941 /usr/lib/gcc/x86_64-linux-gnu/4.9/../../../x86_64-linux-gnu/crt1.o /usr/lib/gcc/x86_64-linux-gnu/4.9/../../../x86_64-linux-gnu/crti.o /usr/lib/gcc/x86_64-linux-gnu/4.9/crtbegin.o -L/usr/lib/gcc/x86_64-linux-gnu/4.9 -L/usr/lib/gcc/x86_64-linux-gnu/4.9/../../../x86_64-linux-gnu -L/usr/lib/gcc/x86_64-linux-gnu/4.9/../../../../lib -L/lib/x86_64-linux-gnu -L/lib/../lib -L/usr/lib/x86_64-linux-gnu -L/usr/lib/../lib -L/usr/lib/gcc/x86_64-linux-gnu/4.9/../../.. CMakeFiles/cmTryCompileExec249128941.dir/CMakeCCompilerABI.c.o -lgcc --as-needed -lgcc_s --no-as-needed -lc -lgcc --as-needed -lgcc_s --no-as-needed /usr/lib/gcc/x86_64-linux-gnu/4.9/crtend.o /usr/lib/gcc/x86_64-linux-gnu/4.9/../../../x86_64-linux-gnu/crtn.o]
    arg [/usr/lib/gcc/x86_64-linux-gnu/4.9/collect2] ==> ignore
    arg [-plugin] ==> ignore
    arg [/usr/lib/gcc/x86_64-linux-gnu/4.9/liblto_plugin.so] ==> ignore
    arg [-plugin-opt=/usr/lib/gcc/x86_64-linux-gnu/4.9/lto-wrapper] ==> ignore
    arg [-plugin-opt=-fresolution=/tmp/ccSGCEwK.res] ==> ignore
    arg [-plugin-opt=-pass-through=-lgcc] ==> ignore
    arg [-plugin-opt=-pass-through=-lgcc_s] ==> ignore
    arg [-plugin-opt=-pass-through=-lc] ==> ignore
    arg [-plugin-opt=-pass-through=-lgcc] ==> ignore
    arg [-plugin-opt=-pass-through=-lgcc_s] ==> ignore
    arg [--sysroot=/] ==> ignore
    arg [--build-id] ==> ignore
    arg [--eh-frame-hdr] ==> ignore
    arg [-m] ==> ignore
    arg [elf_x86_64] ==> ignore
    arg [--hash-style=gnu] ==> ignore
    arg [--as-needed] ==> ignore
    arg [-export-dynamic] ==> ignore
    arg [-dynamic-linker] ==> ignore
    arg [/lib64/ld-linux-x86-64.so.2] ==> ignore
    arg [-zrelro] ==> ignore
    arg [-o] ==> ignore
    arg [cmTryCompileExec249128941] ==> ignore
    arg [/usr/lib/gcc/x86_64-linux-gnu/4.9/../../../x86_64-linux-gnu/crt1.o] ==> ignore
    arg [/usr/lib/gcc/x86_64-linux-gnu/4.9/../../../x86_64-linux-gnu/crti.o] ==> ignore
    arg [/usr/lib/gcc/x86_64-linux-gnu/4.9/crtbegin.o] ==> ignore
    arg [-L/usr/lib/gcc/x86_64-linux-gnu/4.9] ==> dir [/usr/lib/gcc/x86_64-linux-gnu/4.9]
    arg [-L/usr/lib/gcc/x86_64-linux-gnu/4.9/../../../x86_64-linux-gnu] ==> dir [/usr/lib/gcc/x86_64-linux-gnu/4.9/../../../x86_64-linux-gnu]
    arg [-L/usr/lib/gcc/x86_64-linux-gnu/4.9/../../../../lib] ==> dir [/usr/lib/gcc/x86_64-linux-gnu/4.9/../../../../lib]
    arg [-L/lib/x86_64-linux-gnu] ==> dir [/lib/x86_64-linux-gnu]
    arg [-L/lib/../lib] ==> dir [/lib/../lib]
    arg [-L/usr/lib/x86_64-linux-gnu] ==> dir [/usr/lib/x86_64-linux-gnu]
    arg [-L/usr/lib/../lib] ==> dir [/usr/lib/../lib]
    arg [-L/usr/lib/gcc/x86_64-linux-gnu/4.9/../../..] ==> dir [/usr/lib/gcc/x86_64-linux-gnu/4.9/../../..]
    arg [CMakeFiles/cmTryCompileExec249128941.dir/CMakeCCompilerABI.c.o] ==> ignore
    arg [-lgcc] ==> lib [gcc]
    arg [--as-needed] ==> ignore
    arg [-lgcc_s] ==> lib [gcc_s]
    arg [--no-as-needed] ==> ignore
    arg [-lc] ==> lib [c]
    arg [-lgcc] ==> lib [gcc]
    arg [--as-needed] ==> ignore
    arg [-lgcc_s] ==> lib [gcc_s]
    arg [--no-as-needed] ==> ignore
    arg [/usr/lib/gcc/x86_64-linux-gnu/4.9/crtend.o] ==> ignore
    arg [/usr/lib/gcc/x86_64-linux-gnu/4.9/../../../x86_64-linux-gnu/crtn.o] ==> ignore
  remove lib [gcc]
  remove lib [gcc_s]
  remove lib [gcc]
  remove lib [gcc_s]
  collapse library dir [/usr/lib/gcc/x86_64-linux-gnu/4.9] ==> [/usr/lib/gcc/x86_64-linux-gnu/4.9]
  collapse library dir [/usr/lib/gcc/x86_64-linux-gnu/4.9/../../../x86_64-linux-gnu] ==> [/usr/lib/x86_64-linux-gnu]
  collapse library dir [/usr/lib/gcc/x86_64-linux-gnu/4.9/../../../../lib] ==> [/usr/lib]
  collapse library dir [/lib/x86_64-linux-gnu] ==> [/lib/x86_64-linux-gnu]
  collapse library dir [/lib/../lib] ==> [/lib]
  collapse library dir [/usr/lib/x86_64-linux-gnu] ==> [/usr/lib/x86_64-linux-gnu]
  collapse library dir [/usr/lib/../lib] ==> [/usr/lib]
  collapse library dir [/usr/lib/gcc/x86_64-linux-gnu/4.9/../../..] ==> [/usr/lib]
  implicit libs: [c]
  implicit dirs: [/usr/lib/gcc/x86_64-linux-gnu/4.9;/usr/lib/x86_64-linux-gnu;/usr/lib;/lib/x86_64-linux-gnu;/lib]
  implicit fwks: []


Determining if the CXX compiler works passed with the following output:
Change Dir: /ssd/ig_repertoire_constructor/ext/src/CMakeFiles/CMakeTmp

Run Build Command:/usr/bin/make "cmTryCompileExec1383623056/fast"
/usr/bin/make -f CMakeFiles/cmTryCompileExec1383623056.dir/build.make CMakeFiles/cmTryCompileExec1383623056.dir/build
make[1]: Entering directory `/ssd/ig_repertoire_constructor/ext/src/CMakeFiles/CMakeTmp'
/usr/bin/cmake -E cmake_progress_report /ssd/ig_repertoire_constructor/ext/src/CMakeFiles/CMakeTmp/CMakeFiles 1
Building CXX object CMakeFiles/cmTryCompileExec1383623056.dir/testCXXCompiler.cxx.o
/usr/bin/c++     -o CMakeFiles/cmTryCompileExec1383623056.dir/testCXXCompiler.cxx.o -c /ssd/ig_repertoire_constructor/ext/src/CMakeFiles/CMakeTmp/testCXXCompiler.cxx
Linking CXX executable cmTryCompileExec1383623056
/usr/bin/cmake -E cmake_link_script CMakeFiles/cmTryCompileExec1383623056.dir/link.txt --verbose=1
/usr/bin/c++        CMakeFiles/cmTryCompileExec1383623056.dir/testCXXCompiler.cxx.o  -o cmTryCompileExec1383623056 -rdynamic 
make[1]: Leaving directory `/ssd/ig_repertoire_constructor/ext/src/CMakeFiles/CMakeTmp'


Detecting CXX compiler ABI info compiled with the following output:
Change Dir: /ssd/ig_repertoire_constructor/ext/src/CMakeFiles/CMakeTmp

Run Build Command:/usr/bin/make "cmTryCompileExec3399911607/fast"
/usr/bin/make -f CMakeFiles/cmTryCompileExec3399911607.dir/build.make CMakeFiles/cmTryCompileExec3399911607.dir/build
make[1]: Entering directory `/ssd/ig_repertoire_constructor/ext/src/CMakeFiles/CMakeTmp'
/usr/bin/cmake -E cmake_progress_report /ssd/ig_repertoire_constructor/ext/src/CMakeFiles/CMakeTmp/CMakeFiles 1
Building CXX object CMakeFiles/cmTryCompileExec3399911607.dir/CMakeCXXCompilerABI.cpp.o
/usr/bin/c++     -o CMakeFiles/cmTryCompileExec3399911607.dir/CMakeCXXCompilerABI.cpp.o -c /usr/share/cmake-2.8/Modules/CMakeCXXCompilerABI.cpp
Linking CXX executable cmTryCompileExec3399911607
/usr/bin/cmake -E cmake_link_script CMakeFiles/cmTryCompileExec3399911607.dir/link.txt --verbose=1
/usr/bin/c++      -v CMakeFiles/cmTryCompileExec3399911607.dir/CMakeCXXCompilerABI.cpp.o  -o cmTryCompileExec3399911607 -rdynamic  
Using built-in specs.
COLLECT_GCC=/usr/bin/c++
COLLECT_LTO_WRAPPER=/usr/lib/gcc/x86_64-linux-gnu/4.9/lto-wrapper
Target: x86_64-linux-gnu
Configured with: ../src/configure -v --with-pkgversion='Ubuntu 4.9.2-0ubuntu1~14.04' --with-bugurl=file:///usr/share/doc/gcc-4.9/README.Bugs --enable-languages=c,c++,java,go,d,fortran,objc,obj-c++ --prefix=/usr --program-suffix=-4.9 --enable-shared --enable-linker-build-id --libexecdir=/usr/lib --without-included-gettext --enable-threads=posix --with-gxx-include-dir=/usr/include/c++/4.9 --libdir=/usr/lib --enable-nls --with-sysroot=/ --enable-clocale=gnu --enable-libstdcxx-debug --enable-libstdcxx-time=yes --enable-gnu-unique-object --disable-vtable-verify --enable-plugin --with-system-zlib --disable-browser-plugin --enable-java-awt=gtk --enable-gtk-cairo --with-java-home=/usr/lib/jvm/java-1.5.0-gcj-4.9-amd64/jre --enable-java-home --with-jvm-root-dir=/usr/lib/jvm/java-1.5.0-gcj-4.9-amd64 --with-jvm-jar-dir=/usr/lib/jvm-exports/java-1.5.0-gcj-4.9-amd64 --with-arch-directory=amd64 --with-ecj-jar=/usr/share/java/eclipse-ecj.jar --enable-objc-gc --enable-multiarch --disable-werror --with-arch-32=i686 --with-abi=m64 --with-multilib-list=m32,m64,mx32 --enable-multilib --with-tune=generic --enable-checking=release --build=x86_64-linux-gnu --host=x86_64-linux-gnu --target=x86_64-linux-gnu
Thread model: posix
gcc version 4.9.2 (Ubuntu 4.9.2-0ubuntu1~14.04) 
COMPILER_PATH=/usr/lib/gcc/x86_64-linux-gnu/4.9/:/usr/lib/gcc/x86_64-linux-gnu/4.9/:/usr/lib/gcc/x86_64-linux-gnu/:/usr/lib/gcc/x86_64-linux-gnu/4.9/:/usr/lib/gcc/x86_64-linux-gnu/
LIBRARY_PATH=/usr/lib/gcc/x86_64-linux-gnu/4.9/:/usr/lib/gcc/x86_64-linux-gnu/4.9/../../../x86_64-linux-gnu/:/usr/lib/gcc/x86_64-linux-gnu/4.9/../../../../lib/:/lib/x86_64-linux-gnu/:/lib/../lib/:/usr/lib/x86_64-linux-gnu/:/usr/lib/../lib/:/usr/lib/gcc/x86_64-linux-gnu/4.9/../../../:/lib/:/usr/lib/
COLLECT_GCC_OPTIONS='-v' '-o' 'cmTryCompileExec3399911607' '-rdynamic' '-shared-libgcc' '-mtune=generic' '-march=x86-64'
 /usr/lib/gcc/x86_64-linux-gnu/4.9/collect2 -plugin /usr/lib/gcc/x86_64-linux-gnu/4.9/liblto_plugin.so -plugin-opt=/usr/lib/gcc/x86_64-linux-gnu/4.9/lto-wrapper -plugin-opt=-fresolution=/tmp/ccMhY7RT.res -plugin-opt=-pass-through=-lgcc_s -plugin-opt=-pass-through=-lgcc -plugin-opt=-pass-through=-lc -plugin-opt=-pass-through=-lgcc_s -plugin-opt=-pass-through=-lgcc --sysroot=/ --build-id --eh-frame-hdr -m elf_x86_64 --hash-style=gnu --as-needed -export-dynamic -dynamic-linker /lib64/ld-linux-x86-64.so.2 -z relro -o cmTryCompileExec3399911607 /usr/lib/gcc/x86_64-linux-gnu/4.9/../../../x86_64-linux-gnu/crt1.o /usr/lib/gcc/x86_64-linux-gnu/4.9/../../../x86_64-linux-gnu/crti.o /usr/lib/gcc/x86_64-linux-gnu/4.9/crtbegin.o -L/usr/lib/gcc/x86_64-linux-gnu/4.9 -L/usr/lib/gcc/x86_64-linux-gnu/4.9/../../../x86_64-linux-gnu -L/usr/lib/gcc/x86_64-linux-gnu/4.9/../../../../lib -L/lib/x86_64-linux-gnu -L/lib/../lib -L/usr/lib/x86_64-linux-gnu -L/usr/lib/../lib -L/usr/lib/gcc/x86_64-linux-gnu/4.9/../../.. CMakeFiles/cmTryCompileExec3399911607.dir/CMakeCXXCompilerABI.cpp.o -lstdc++ -lm -lgcc_s -lgcc -lc -lgcc_s -lgcc /usr/lib/gcc/x86_64-linux-gnu/4.9/crtend.o /usr/lib/gcc/x86_64-linux-gnu/4.9/../../../x86_64-linux-gnu/crtn.o
make[1]: Leaving directory `/ssd/ig_repertoire_constructor/ext/src/CMakeFiles/CMakeTmp'


Parsed CXX implicit link information from above output:
  link line regex: [^( *|.*[/\])(ld|([^/\]+-)?ld|collect2)[^/\]*( |$)]
  ignore line: [Change Dir: /ssd/ig_repertoire_constructor/ext/src/CMakeFiles/CMakeTmp]
  ignore line: []
  ignore line: [Run Build Command:/usr/bin/make "cmTryCompileExec3399911607/fast"]
  ignore line: [/usr/bin/make -f CMakeFiles/cmTryCompileExec3399911607.dir/build.make CMakeFiles/cmTryCompileExec3399911607.dir/build]
  ignore line: [make[1]: Entering directory `/ssd/ig_repertoire_constructor/ext/src/CMakeFiles/CMakeTmp']
  ignore line: [/usr/bin/cmake -E cmake_progress_report /ssd/ig_repertoire_constructor/ext/src/CMakeFiles/CMakeTmp/CMakeFiles 1]
  ignore line: [Building CXX object CMakeFiles/cmTryCompileExec3399911607.dir/CMakeCXXCompilerABI.cpp.o]
  ignore line: [/usr/bin/c++     -o CMakeFiles/cmTryCompileExec3399911607.dir/CMakeCXXCompilerABI.cpp.o -c /usr/share/cmake-2.8/Modules/CMakeCXXCompilerABI.cpp]
  ignore line: [Linking CXX executable cmTryCompileExec3399911607]
  ignore line: [/usr/bin/cmake -E cmake_link_script CMakeFiles/cmTryCompileExec3399911607.dir/link.txt --verbose=1]
  ignore line: [/usr/bin/c++      -v CMakeFiles/cmTryCompileExec3399911607.dir/CMakeCXXCompilerABI.cpp.o  -o cmTryCompileExec3399911607 -rdynamic  ]
  ignore line: [Using built-in specs.]
  ignore line: [COLLECT_GCC=/usr/bin/c++]
  ignore line: [COLLECT_LTO_WRAPPER=/usr/lib/gcc/x86_64-linux-gnu/4.9/lto-wrapper]
  ignore line: [Target: x86_64-linux-gnu]
  ignore line: [Configured with: ../src/configure -v --with-pkgversion='Ubuntu 4.9.2-0ubuntu1~14.04' --with-bugurl=file:///usr/share/doc/gcc-4.9/README.Bugs --enable-languages=c,c++,java,go,d,fortran,objc,obj-c++ --prefix=/usr --program-suffix=-4.9 --enable-shared --enable-linker-build-id --libexecdir=/usr/lib --without-included-gettext --enable-threads=posix --with-gxx-include-dir=/usr/include/c++/4.9 --libdir=/usr/lib --enable-nls --with-sysroot=/ --enable-clocale=gnu --enable-libstdcxx-debug --enable-libstdcxx-time=yes --enable-gnu-unique-object --disable-vtable-verify --enable-plugin --with-system-zlib --disable-browser-plugin --enable-java-awt=gtk --enable-gtk-cairo --with-java-home=/usr/lib/jvm/java-1.5.0-gcj-4.9-amd64/jre --enable-java-home --with-jvm-root-dir=/usr/lib/jvm/java-1.5.0-gcj-4.9-amd64 --with-jvm-jar-dir=/usr/lib/jvm-exports/java-1.5.0-gcj-4.9-amd64 --with-arch-directory=amd64 --with-ecj-jar=/usr/share/java/eclipse-ecj.jar --enable-objc-gc --enable-multiarch --disable-werror --with-arch-32=i686 --with-abi=m64 --with-multilib-list=m32,m64,mx32 --enable-multilib --with-tune=generic --enable-checking=release --build=x86_64-linux-gnu --host=x86_64-linux-gnu --target=x86_64-linux-gnu]
  ignore line: [Thread model: posix]
  ignore line: [gcc version 4.9.2 (Ubuntu 4.9.2-0ubuntu1~14.04) ]
  ignore line: [COMPILER_PATH=/usr/lib/gcc/x86_64-linux-gnu/4.9/:/usr/lib/gcc/x86_64-linux-gnu/4.9/:/usr/lib/gcc/x86_64-linux-gnu/:/usr/lib/gcc/x86_64-linux-gnu/4.9/:/usr/lib/gcc/x86_64-linux-gnu/]
  ignore line: [LIBRARY_PATH=/usr/lib/gcc/x86_64-linux-gnu/4.9/:/usr/lib/gcc/x86_64-linux-gnu/4.9/../../../x86_64-linux-gnu/:/usr/lib/gcc/x86_64-linux-gnu/4.9/../../../../lib/:/lib/x86_64-linux-gnu/:/lib/../lib/:/usr/lib/x86_64-linux-gnu/:/usr/lib/../lib/:/usr/lib/gcc/x86_64-linux-gnu/4.9/../../../:/lib/:/usr/lib/]
  ignore line: [COLLECT_GCC_OPTIONS='-v' '-o' 'cmTryCompileExec3399911607' '-rdynamic' '-shared-libgcc' '-mtune=generic' '-march=x86-64']
  link line: [ /usr/lib/gcc/x86_64-linux-gnu/4.9/collect2 -plugin /usr/lib/gcc/x86_64-linux-gnu/4.9/liblto_plugin.so -plugin-opt=/usr/lib/gcc/x86_64-linux-gnu/4.9/lto-wrapper -plugin-opt=-fresolution=/tmp/ccMhY7RT.res -plugin-opt=-pass-through=-lgcc_s -plugin-opt=-pass-through=-lgcc -plugin-opt=-pass-through=-lc -plugin-opt=-pass-through=-lgcc_s -plugin-opt=-pass-through=-lgcc --sysroot=/ --build-id --eh-frame-hdr -m elf_x86_64 --hash-style=gnu --as-needed -export-dynamic -dynamic-linker /lib64/ld-linux-x86-64.so.2 -z relro -o cmTryCompileExec3399911607 /usr/lib/gcc/x86_64-linux-gnu/4.9/../../../x86_64-linux-gnu/crt1.o /usr/lib/gcc/x86_64-linux-gnu/4.9/../../../x86_64-linux-gnu/crti.o /usr/lib/gcc/x86_64-linux-gnu/4.9/crtbegin.o -L/usr/lib/gcc/x86_64-linux-gnu/4.9 -L/usr/lib/gcc/x86_64-linux-gnu/4.9/../../../x86_64-linux-gnu -L/usr/lib/gcc/x86_64-linux-gnu/4.9/../../../../lib -L/lib/x86_64-linux-gnu -L/lib/../lib -L/usr/lib/x86_64-linux-gnu -L/usr/lib/../lib -L/usr/lib/gcc/x86_64-linux-gnu/4.9/../../.. CMakeFiles/cmTryCompileExec3399911607.dir/CMakeCXXCompilerABI.cpp.o -lstdc++ -lm -lgcc_s -lgcc -lc -lgcc_s -lgcc /usr/lib/gcc/x86_64-linux-gnu/4.9/crtend.o /usr/lib/gcc/x86_64-linux-gnu/4.9/../../../x86_64-linux-gnu/crtn.o]
    arg [/usr/lib/gcc/x86_64-linux-gnu/4.9/collect2] ==> ignore
    arg [-plugin] ==> ignore
    arg [/usr/lib/gcc/x86_64-linux-gnu/4.9/liblto_plugin.so] ==> ignore
    arg [-plugin-opt=/usr/lib/gcc/x86_64-linux-gnu/4.9/lto-wrapper] ==> ignore
    arg [-plugin-opt=-fresolution=/tmp/ccMhY7RT.res] ==> ignore
    arg [-plugin-opt=-pass-through=-lgcc_s] ==> ignore
    arg [-plugin-opt=-pass-through=-lgcc] ==> ignore
    arg [-plugin-opt=-pass-through=-lc] ==> ignore
    arg [-plugin-opt=-pass-through=-lgcc_s] ==> ignore
    arg [-plugin-opt=-pass-through=-lgcc] ==> ignore
    arg [--sysroot=/] ==> ignore
    arg [--build-id] ==> ignore
    arg [--eh-frame-hdr] ==> ignore
    arg [-m] ==> ignore
    arg [elf_x86_64] ==> ignore
    arg [--hash-style=gnu] ==> ignore
    arg [--as-needed] ==> ignore
    arg [-export-dynamic] ==> ignore
    arg [-dynamic-linker] ==> ignore
    arg [/lib64/ld-linux-x86-64.so.2] ==> ignore
    arg [-zrelro] ==> ignore
    arg [-o] ==> ignore
    arg [cmTryCompileExec3399911607] ==> ignore
    arg [/usr/lib/gcc/x86_64-linux-gnu/4.9/../../../x86_64-linux-gnu/crt1.o] ==> ignore
    arg [/usr/lib/gcc/x86_64-linux-gnu/4.9/../../../x86_64-linux-gnu/crti.o] ==> ignore
    arg [/usr/lib/gcc/x86_64-linux-gnu/4.9/crtbegin.o] ==> ignore
    arg [-L/usr/lib/gcc/x86_64-linux-gnu/4.9] ==> dir [/usr/lib/gcc/x86_64-linux-gnu/4.9]
    arg [-L/usr/lib/gcc/x86_64-linux-gnu/4.9/../../../x86_64-linux-gnu] ==> dir [/usr/lib/gcc/x86_64-linux-gnu/4.9/../../../x86_64-linux-gnu]
    arg [-L/usr/lib/gcc/x86_64-linux-gnu/4.9/../../../../lib] ==> dir [/usr/lib/gcc/x86_64-linux-gnu/4.9/../../../../lib]
    arg [-L/lib/x86_64-linux-gnu] ==> dir [/lib/x86_64-linux-gnu]
    arg [-L/lib/../lib] ==> dir [/lib/../lib]
    arg [-L/usr/lib/x86_64-linux-gnu] ==> dir [/usr/lib/x86_64-linux-gnu]
    arg [-L/usr/lib/../lib] ==> dir [/usr/lib/../lib]
    arg [-L/usr/lib/gcc/x86_64-linux-gnu/4.9/../../..] ==> dir [/usr/lib/gcc/x86_64-linux-gnu/4.9/../../..]
    arg [CMakeFiles/cmTryCompileExec3399911607.dir/CMakeCXXCompilerABI.cpp.o] ==> ignore
    arg [-lstdc++] ==> lib [stdc++]
    arg [-lm] ==> lib [m]
    arg [-lgcc_s] ==> lib [gcc_s]
    arg [-lgcc] ==> lib [gcc]
    arg [-lc] ==> lib [c]
    arg [-lgcc_s] ==> lib [gcc_s]
    arg [-lgcc] ==> lib [gcc]
    arg [/usr/lib/gcc/x86_64-linux-gnu/4.9/crtend.o] ==> ignore
    arg [/usr/lib/gcc/x86_64-linux-gnu/4.9/../../../x86_64-linux-gnu/crtn.o] ==> ignore
  remove lib [gcc_s]
  remove lib [gcc]
  remove lib [gcc_s]
  remove lib [gcc]
  collapse library dir [/usr/lib/gcc/x86_64-linux-gnu/4.9] ==> [/usr/lib/gcc/x86_64-linux-gnu/4.9]
  collapse library dir [/usr/lib/gcc/x86_64-linux-gnu/4.9/../../../x86_64-linux-gnu] ==> [/usr/lib/x86_64-linux-gnu]
  collapse library dir [/usr/lib/gcc/x86_64-linux-gnu/4.9/../../../../lib] ==> [/usr/lib]
  collapse library dir [/lib/x86_64-linux-gnu] ==> [/lib/x86_64-linux-gnu]
  collapse library dir [/lib/../lib] ==> [/lib]
  collapse library dir [/usr/lib/x86_64-linux-gnu] ==> [/usr/lib/x86_64-linux-gnu]
  collapse library dir [/usr/lib/../lib] ==> [/usr/lib]
  collapse library dir [/usr/lib/gcc/x86_64-linux-gnu/4.9/../../..] ==> [/usr/lib]
  implicit libs: [stdc++;m;c]
  implicit dirs: [/usr/lib/gcc/x86_64-linux-gnu/4.9;/usr/lib/x86_64-linux-gnu;/usr/lib;/lib/x86_64-linux-gnu;/lib]
  implicit fwks: []


Determining if files features.h exist passed with the following output:
Change Dir: /ssd/ig_repertoire_constructor/ext/src/CMakeFiles/CMakeTmp

Run Build Command:/usr/bin/make "cmTryCompileExec72397951/fast"
/usr/bin/make -f CMakeFiles/cmTryCompileExec72397951.dir/build.make CMakeFiles/cmTryCompileExec72397951.dir/build
make[1]: Entering directory `/ssd/ig_repertoire_constructor/ext/src/CMakeFiles/CMakeTmp'
/usr/bin/cmake -E cmake_progress_report /ssd/ig_repertoire_constructor/ext/src/CMakeFiles/CMakeTmp/CMakeFiles 1
Building C object CMakeFiles/cmTryCompileExec72397951.dir/CheckIncludeFiles.c.o
/usr/bin/cc    -o CMakeFiles/cmTryCompileExec72397951.dir/CheckIncludeFiles.c.o   -c /ssd/ig_repertoire_constructor/ext/src/CMakeFiles/CMakeTmp/CheckIncludeFiles.c
Linking C executable cmTryCompileExec72397951
/usr/bin/cmake -E cmake_link_script CMakeFiles/cmTryCompileExec72397951.dir/link.txt --verbose=1
/usr/bin/cc       CMakeFiles/cmTryCompileExec72397951.dir/CheckIncludeFiles.c.o  -o cmTryCompileExec72397951 -rdynamic 
make[1]: Leaving directory `/ssd/ig_repertoire_constructor/ext/src/CMakeFiles/CMakeTmp'


Determining if files sys/cdefs.h exist passed with the following output:
Change Dir: /ssd/ig_repertoire_constructor/ext/src/CMakeFiles/CMakeTmp

Run Build Command:/usr/bin/make "cmTryCompileExec984965900/fast"
/usr/bin/make -f CMakeFiles/cmTryCompileExec984965900.dir/build.make CMakeFiles/cmTryCompileExec984965900.dir/build
make[1]: Entering directory `/ssd/ig_repertoire_constructor/ext/src/CMakeFiles/CMakeTmp'
/usr/bin/cmake -E cmake_progress_report /ssd/ig_repertoire_constructor/ext/src/CMakeFiles/CMakeTmp/CMakeFiles 1
Building C object CMakeFiles/cmTryCompileExec984965900.dir/CheckIncludeFiles.c.o
/usr/bin/cc    -o CMakeFiles/cmTryCompileExec984965900.dir/CheckIncludeFiles.c.o   -c /ssd/ig_repertoire_constructor/ext/src/CMakeFiles/CMakeTmp/CheckIncludeFiles.c
Linking C executable cmTryCompileExec984965900
/usr/bin/cmake -E cmake_link_script CMakeFiles/cmTryCompileExec984965900.dir/link.txt --verbose=1
/usr/bin/cc       CMakeFiles/cmTryCompileExec984965900.dir/CheckIncludeFiles.c.o  -o cmTryCompileExec984965900 -rdynamic 
make[1]: Leaving directory `/ssd/ig_repertoire_constructor/ext/src/CMakeFiles/CMakeTmp'


Determining if the function sbrk exists passed with the following output:
Change Dir: /ssd/ig_repertoire_constructor/ext/src/CMakeFiles/CMakeTmp

Run Build Command:/usr/bin/make "cmTryCompileExec1717504909/fast"
/usr/bin/make -f CMakeFiles/cmTryCompileExec1717504909.dir/build.make CMakeFiles/cmTryCompileExec1717504909.dir/build
make[1]: Entering directory `/ssd/ig_repertoire_constructor/ext/src/CMakeFiles/CMakeTmp'
/usr/bin/cmake -E cmake_progress_report /ssd/ig_repertoire_constructor/ext/src/CMakeFiles/CMakeTmp/CMakeFiles 1
Building C object CMakeFiles/cmTryCompileExec1717504909.dir/CheckFunctionExists.c.o
/usr/bin/cc   -DCHECK_FUNCTION_EXISTS=sbrk   -o CMakeFiles/cmTryCompileExec1717504909.dir/CheckFunctionExists.c.o   -c /usr/share/cmake-2.8/Modules/CheckFunctionExists.c
Linking C executable cmTryCompileExec1717504909
/usr/bin/cmake -E cmake_link_script CMakeFiles/cmTryCompileExec1717504909.dir/link.txt --verbose=1
/usr/bin/cc   -DCHECK_FUNCTION_EXISTS=sbrk    CMakeFiles/cmTryCompileExec1717504909.dir/CheckFunctionExists.c.o  -o cmTryCompileExec1717504909 -rdynamic 
make[1]: Leaving directory `/ssd/ig_repertoire_constructor/ext/src/CMakeFiles/CMakeTmp'


Performing C SOURCE FILE Test JEMALLOC_TLS_MODEL_SUPPORTED succeded with the following output:
Change Dir: /ssd/ig_repertoire_constructor/ext/src/CMakeFiles/CMakeTmp

Run Build Command:/usr/bin/make "cmTryCompileExec3692596056/fast"
/usr/bin/make -f CMakeFiles/cmTryCompileExec3692596056.dir/build.make CMakeFiles/cmTryCompileExec3692596056.dir/build
make[1]: Entering directory `/ssd/ig_repertoire_constructor/ext/src/CMakeFiles/CMakeTmp'
/usr/bin/cmake -E cmake_progress_report /ssd/ig_repertoire_constructor/ext/src/CMakeFiles/CMakeTmp/CMakeFiles 1
Building C object CMakeFiles/cmTryCompileExec3692596056.dir/src.c.o
/usr/bin/cc   -DJEMALLOC_TLS_MODEL_SUPPORTED -Werror   -o CMakeFiles/cmTryCompileExec3692596056.dir/src.c.o   -c /ssd/ig_repertoire_constructor/ext/src/CMakeFiles/CMakeTmp/src.c
Linking C executable cmTryCompileExec3692596056
/usr/bin/cmake -E cmake_link_script CMakeFiles/cmTryCompileExec3692596056.dir/link.txt --verbose=1
/usr/bin/cc   -DJEMALLOC_TLS_MODEL_SUPPORTED -Werror    CMakeFiles/cmTryCompileExec3692596056.dir/src.c.o  -o cmTryCompileExec3692596056 -rdynamic 
make[1]: Leaving directory `/ssd/ig_repertoire_constructor/ext/src/CMakeFiles/CMakeTmp'

Source file was:
static __thread int
__attribute__((tls_model("initial-exec"))) foo = 0; int main(void) { return 0; }
Determining if the include file sys/types.h exists passed with the following output:
Change Dir: /ssd/ig_repertoire_constructor/ext/src/CMakeFiles/CMakeTmp

Run Build Command:/usr/bin/make "cmTryCompileExec2868248836/fast"
/usr/bin/make -f CMakeFiles/cmTryCompileExec2868248836.dir/build.make CMakeFiles/cmTryCompileExec2868248836.dir/build
make[1]: Entering directory `/ssd/ig_repertoire_constructor/ext/src/CMakeFiles/CMakeTmp'
/usr/bin/cmake -E cmake_progress_report /ssd/ig_repertoire_constructor/ext/src/CMakeFiles/CMakeTmp/CMakeFiles 1
Building C object CMakeFiles/cmTryCompileExec2868248836.dir/CheckIncludeFile.c.o
/usr/bin/cc    -o CMakeFiles/cmTryCompileExec2868248836.dir/CheckIncludeFile.c.o   -c /ssd/ig_repertoire_constructor/ext/src/CMakeFiles/CMakeTmp/CheckIncludeFile.c
Linking C executable cmTryCompileExec2868248836
/usr/bin/cmake -E cmake_link_script CMakeFiles/cmTryCompileExec2868248836.dir/link.txt --verbose=1
/usr/bin/cc       CMakeFiles/cmTryCompileExec2868248836.dir/CheckIncludeFile.c.o  -o cmTryCompileExec2868248836 -rdynamic 
make[1]: Leaving directory `/ssd/ig_repertoire_constructor/ext/src/CMakeFiles/CMakeTmp'


Determining if the include file stdint.h exists passed with the following output:
Change Dir: /ssd/ig_repertoire_constructor/ext/src/CMakeFiles/CMakeTmp

Run Build Command:/usr/bin/make "cmTryCompileExec950248414/fast"
/usr/bin/make -f CMakeFiles/cmTryCompileExec950248414.dir/build.make CMakeFiles/cmTryCompileExec950248414.dir/build
make[1]: Entering directory `/ssd/ig_repertoire_constructor/ext/src/CMakeFiles/CMakeTmp'
/usr/bin/cmake -E cmake_progress_report /ssd/ig_repertoire_constructor/ext/src/CMakeFiles/CMakeTmp/CMakeFiles 1
Building C object CMakeFiles/cmTryCompileExec950248414.dir/CheckIncludeFile.c.o
/usr/bin/cc    -o CMakeFiles/cmTryCompileExec950248414.dir/CheckIncludeFile.c.o   -c /ssd/ig_repertoire_constructor/ext/src/CMakeFiles/CMakeTmp/CheckIncludeFile.c
Linking C executable cmTryCompileExec950248414
/usr/bin/cmake -E cmake_link_script CMakeFiles/cmTryCompileExec950248414.dir/link.txt --verbose=1
/usr/bin/cc       CMakeFiles/cmTryCompileExec950248414.dir/CheckIncludeFile.c.o  -o cmTryCompileExec950248414 -rdynamic 
make[1]: Leaving directory `/ssd/ig_repertoire_constructor/ext/src/CMakeFiles/CMakeTmp'


Determining if the include file stddef.h exists passed with the following output:
Change Dir: /ssd/ig_repertoire_constructor/ext/src/CMakeFiles/CMakeTmp

Run Build Command:/usr/bin/make "cmTryCompileExec2971199455/fast"
/usr/bin/make -f CMakeFiles/cmTryCompileExec2971199455.dir/build.make CMakeFiles/cmTryCompileExec2971199455.dir/build
make[1]: Entering directory `/ssd/ig_repertoire_constructor/ext/src/CMakeFiles/CMakeTmp'
/usr/bin/cmake -E cmake_progress_report /ssd/ig_repertoire_constructor/ext/src/CMakeFiles/CMakeTmp/CMakeFiles 1
Building C object CMakeFiles/cmTryCompileExec2971199455.dir/CheckIncludeFile.c.o
/usr/bin/cc    -o CMakeFiles/cmTryCompileExec2971199455.dir/CheckIncludeFile.c.o   -c /ssd/ig_repertoire_constructor/ext/src/CMakeFiles/CMakeTmp/CheckIncludeFile.c
Linking C executable cmTryCompileExec2971199455
/usr/bin/cmake -E cmake_link_script CMakeFiles/cmTryCompileExec2971199455.dir/link.txt --verbose=1
/usr/bin/cc       CMakeFiles/cmTryCompileExec2971199455.dir/CheckIncludeFile.c.o  -o cmTryCompileExec2971199455 -rdynamic 
make[1]: Leaving directory `/ssd/ig_repertoire_constructor/ext/src/CMakeFiles/CMakeTmp'


Determining size of void* passed with the following output:
Change Dir: /ssd/ig_repertoire_constructor/ext/src/CMakeFiles/CMakeTmp

Run Build Command:/usr/bin/make "cmTryCompileExec2956930669/fast"
/usr/bin/make -f CMakeFiles/cmTryCompileExec2956930669.dir/build.make CMakeFiles/cmTryCompileExec2956930669.dir/build
make[1]: Entering directory `/ssd/ig_repertoire_constructor/ext/src/CMakeFiles/CMakeTmp'
/usr/bin/cmake -E cmake_progress_report /ssd/ig_repertoire_constructor/ext/src/CMakeFiles/CMakeTmp/CMakeFiles 1
Building C object CMakeFiles/cmTryCompileExec2956930669.dir/JEMALLOC_SIZEOF_PTR.c.o
/usr/bin/cc    -o CMakeFiles/cmTryCompileExec2956930669.dir/JEMALLOC_SIZEOF_PTR.c.o   -c /ssd/ig_repertoire_constructor/ext/src/CMakeFiles/CheckTypeSize/JEMALLOC_SIZEOF_PTR.c
Linking C executable cmTryCompileExec2956930669
/usr/bin/cmake -E cmake_link_script CMakeFiles/cmTryCompileExec2956930669.dir/link.txt --verbose=1
/usr/bin/cc       CMakeFiles/cmTryCompileExec2956930669.dir/JEMALLOC_SIZEOF_PTR.c.o  -o cmTryCompileExec2956930669 -rdynamic 
make[1]: Leaving directory `/ssd/ig_repertoire_constructor/ext/src/CMakeFiles/CMakeTmp'


Performing C SOURCE FILE Test JEMALLOC_TLS succeded with the following output:
Change Dir: /ssd/ig_repertoire_constructor/ext/src/CMakeFiles/CMakeTmp

Run Build Command:/usr/bin/make "cmTryCompileExec401658821/fast"
/usr/bin/make -f CMakeFiles/cmTryCompileExec401658821.dir/build.make CMakeFiles/cmTryCompileExec401658821.dir/build
make[1]: Entering directory `/ssd/ig_repertoire_constructor/ext/src/CMakeFiles/CMakeTmp'
/usr/bin/cmake -E cmake_progress_report /ssd/ig_repertoire_constructor/ext/src/CMakeFiles/CMakeTmp/CMakeFiles 1
Building C object CMakeFiles/cmTryCompileExec401658821.dir/src.c.o
/usr/bin/cc   -DJEMALLOC_TLS -Werror   -o CMakeFiles/cmTryCompileExec401658821.dir/src.c.o   -c /ssd/ig_repertoire_constructor/ext/src/CMakeFiles/CMakeTmp/src.c
Linking C executable cmTryCompileExec401658821
/usr/bin/cmake -E cmake_link_script CMakeFiles/cmTryCompileExec401658821.dir/link.txt --verbose=1
/usr/bin/cc   -DJEMALLOC_TLS -Werror    CMakeFiles/cmTryCompileExec401658821.dir/src.c.o  -o cmTryCompileExec401658821 -rdynamic 
make[1]: Leaving directory `/ssd/ig_repertoire_constructor/ext/src/CMakeFiles/CMakeTmp'

Source file was:
__thread int x;
  int main(void) { x = 42; return 0; }
Determining if the function memalign exists passed with the following output:
Change Dir: /ssd/ig_repertoire_constructor/ext/src/CMakeFiles/CMakeTmp

Run Build Command:/usr/bin/make "cmTryCompileExec1473625353/fast"
/usr/bin/make -f CMakeFiles/cmTryCompileExec1473625353.dir/build.make CMakeFiles/cmTryCompileExec1473625353.dir/build
make[1]: Entering directory `/ssd/ig_repertoire_constructor/ext/src/CMakeFiles/CMakeTmp'
/usr/bin/cmake -E cmake_progress_report /ssd/ig_repertoire_constructor/ext/src/CMakeFiles/CMakeTmp/CMakeFiles 1
Building C object CMakeFiles/cmTryCompileExec1473625353.dir/CheckFunctionExists.c.o
/usr/bin/cc   -DCHECK_FUNCTION_EXISTS=memalign   -o CMakeFiles/cmTryCompileExec1473625353.dir/CheckFunctionExists.c.o   -c /usr/share/cmake-2.8/Modules/CheckFunctionExists.c
Linking C executable cmTryCompileExec1473625353
/usr/bin/cmake -E cmake_link_script CMakeFiles/cmTryCompileExec1473625353.dir/link.txt --verbose=1
/usr/bin/cc   -DCHECK_FUNCTION_EXISTS=memalign    CMakeFiles/cmTryCompileExec1473625353.dir/CheckFunctionExists.c.o  -o cmTryCompileExec1473625353 -rdynamic 
make[1]: Leaving directory `/ssd/ig_repertoire_constructor/ext/src/CMakeFiles/CMakeTmp'


Determining if the function valloc exists passed with the following output:
Change Dir: /ssd/ig_repertoire_constructor/ext/src/CMakeFiles/CMakeTmp

Run Build Command:/usr/bin/make "cmTryCompileExec149405805/fast"
/usr/bin/make -f CMakeFiles/cmTryCompileExec149405805.dir/build.make CMakeFiles/cmTryCompileExec149405805.dir/build
make[1]: Entering directory `/ssd/ig_repertoire_constructor/ext/src/CMakeFiles/CMakeTmp'
/usr/bin/cmake -E cmake_progress_report /ssd/ig_repertoire_constructor/ext/src/CMakeFiles/CMakeTmp/CMakeFiles 1
Building C object CMakeFiles/cmTryCompileExec149405805.dir/CheckFunctionExists.c.o
/usr/bin/cc   -DCHECK_FUNCTION_EXISTS=valloc   -o CMakeFiles/cmTryCompileExec149405805.dir/CheckFunctionExists.c.o   -c /usr/share/cmake-2.8/Modules/CheckFunctionExists.c
Linking C executable cmTryCompileExec149405805
/usr/bin/cmake -E cmake_link_script CMakeFiles/cmTryCompileExec149405805.dir/link.txt --verbose=1
/usr/bin/cc   -DCHECK_FUNCTION_EXISTS=valloc    CMakeFiles/cmTryCompileExec149405805.dir/CheckFunctionExists.c.o  -o cmTryCompileExec149405805 -rdynamic 
make[1]: Leaving directory `/ssd/ig_repertoire_constructor/ext/src/CMakeFiles/CMakeTmp'


Determining size of int passed with the following output:
Change Dir: /ssd/ig_repertoire_constructor/ext/src/CMakeFiles/CMakeTmp

Run Build Command:/usr/bin/make "cmTryCompileExec1468001677/fast"
/usr/bin/make -f CMakeFiles/cmTryCompileExec1468001677.dir/build.make CMakeFiles/cmTryCompileExec1468001677.dir/build
make[1]: Entering directory `/ssd/ig_repertoire_constructor/ext/src/CMakeFiles/CMakeTmp'
/usr/bin/cmake -E cmake_progress_report /ssd/ig_repertoire_constructor/ext/src/CMakeFiles/CMakeTmp/CMakeFiles 1
Building C object CMakeFiles/cmTryCompileExec1468001677.dir/JEMALLOC_SIZEOF_INT.c.o
/usr/bin/cc    -o CMakeFiles/cmTryCompileExec1468001677.dir/JEMALLOC_SIZEOF_INT.c.o   -c /ssd/ig_repertoire_constructor/ext/src/CMakeFiles/CheckTypeSize/JEMALLOC_SIZEOF_INT.c
Linking C executable cmTryCompileExec1468001677
/usr/bin/cmake -E cmake_link_script CMakeFiles/cmTryCompileExec1468001677.dir/link.txt --verbose=1
/usr/bin/cc       CMakeFiles/cmTryCompileExec1468001677.dir/JEMALLOC_SIZEOF_INT.c.o  -o cmTryCompileExec1468001677 -rdynamic 
make[1]: Leaving directory `/ssd/ig_repertoire_constructor/ext/src/CMakeFiles/CMakeTmp'


Determining size of long passed with the following output:
Change Dir: /ssd/ig_repertoire_constructor/ext/src/CMakeFiles/CMakeTmp

Run Build Command:/usr/bin/make "cmTryCompileExec70324276/fast"
/usr/bin/make -f CMakeFiles/cmTryCompileExec70324276.dir/build.make CMakeFiles/cmTryCompileExec70324276.dir/build
make[1]: Entering directory `/ssd/ig_repertoire_constructor/ext/src/CMakeFiles/CMakeTmp'
/usr/bin/cmake -E cmake_progress_report /ssd/ig_repertoire_constructor/ext/src/CMakeFiles/CMakeTmp/CMakeFiles 1
Building C object CMakeFiles/cmTryCompileExec70324276.dir/JEMALLOC_SIZEOF_LONG.c.o
/usr/bin/cc    -o CMakeFiles/cmTryCompileExec70324276.dir/JEMALLOC_SIZEOF_LONG.c.o   -c /ssd/ig_repertoire_constructor/ext/src/CMakeFiles/CheckTypeSize/JEMALLOC_SIZEOF_LONG.c
Linking C executable cmTryCompileExec70324276
/usr/bin/cmake -E cmake_link_script CMakeFiles/cmTryCompileExec70324276.dir/link.txt --verbose=1
/usr/bin/cc       CMakeFiles/cmTryCompileExec70324276.dir/JEMALLOC_SIZEOF_LONG.c.o  -o cmTryCompileExec70324276 -rdynamic 
make[1]: Leaving directory `/ssd/ig_repertoire_constructor/ext/src/CMakeFiles/CMakeTmp'


Determining size of intmax_t passed with the following output:
Change Dir: /ssd/ig_repertoire_constructor/ext/src/CMakeFiles/CMakeTmp

Run Build Command:/usr/bin/make "cmTryCompileExec1758580379/fast"
/usr/bin/make -f CMakeFiles/cmTryCompileExec1758580379.dir/build.make CMakeFiles/cmTryCompileExec1758580379.dir/build
make[1]: Entering directory `/ssd/ig_repertoire_constructor/ext/src/CMakeFiles/CMakeTmp'
/usr/bin/cmake -E cmake_progress_report /ssd/ig_repertoire_constructor/ext/src/CMakeFiles/CMakeTmp/CMakeFiles 1
Building C object CMakeFiles/cmTryCompileExec1758580379.dir/JEMALLOC_SIZEOF_INTMAX_T.c.o
/usr/bin/cc    -o CMakeFiles/cmTryCompileExec1758580379.dir/JEMALLOC_SIZEOF_INTMAX_T.c.o   -c /ssd/ig_repertoire_constructor/ext/src/CMakeFiles/CheckTypeSize/JEMALLOC_SIZEOF_INTMAX_T.c
Linking C executable cmTryCompileExec1758580379
/usr/bin/cmake -E cmake_link_script CMakeFiles/cmTryCompileExec1758580379.dir/link.txt --verbose=1
/usr/bin/cc       CMakeFiles/cmTryCompileExec1758580379.dir/JEMALLOC_SIZEOF_INTMAX_T.c.o  -o cmTryCompileExec1758580379 -rdynamic 
make[1]: Leaving directory `/ssd/ig_repertoire_constructor/ext/src/CMakeFiles/CMakeTmp'


